<?xml version="1.0" encoding="UTF-8"?>
<!-- Generated by org.testng.reporters.JUnitReportReporter -->
<testsuite hostname="LAPTOP-4R0TNBRD" failures="0" tests="1" name="PublicApp.PublicApp.AppTest" time="0.012" errors="0" timestamp="2024-01-28T19:41:40 IST" skipped="0">
  <testcase classname="PublicApp.PublicApp.AppTest" name="testApp" time="0.012"/>
  <system-out/>
</testsuite> <!-- PublicApp.PublicApp.AppTest -->
